<?xml version="1.0" encoding="UTF-8"?>
<!-- Generated by org.testng.reporters.JUnitReportReporter -->
<testsuite hostname="D0844" name="Android.Android.Calculator" tests="1" failures="0" timestamp="29 Dec 2015 11:58:36 GMT" time="9.433" errors="0">
  <testcase name="main" time="9.433" classname="Android.Android.Calculator"/>
</testsuite> <!-- Android.Android.Calculator -->
