<?xml version="1.0" encoding="UTF-8"?>
<!-- Generated by org.testng.reporters.JUnitReportReporter -->
<testsuite hostname="D0844" name="Android.Android.Calendar" tests="1" failures="0" timestamp="29 Dec 2015 14:46:41 GMT" time="6.253" errors="0">
  <testcase name="main" time="6.253" classname="Android.Android.Calendar"/>
</testsuite> <!-- Android.Android.Calendar -->
